INFO:root:2022-07-28 16:16:13.041121
INFO:root:200
INFO:root:0
INFO:root:200
INFO:root:1
INFO:root:200
INFO:root:2
INFO:root:200
INFO:root:3
INFO:root:200
INFO:root:4
INFO:root:200
INFO:root:5
INFO:root:200
INFO:root:6
INFO:root:200
INFO:root:7
INFO:root:200
INFO:root:8
INFO:root:200
INFO:root:9
INFO:root:200
INFO:root:10
INFO:root:200
INFO:root:11
INFO:root:200
INFO:root:12
INFO:root:200
INFO:root:13
INFO:root:200
INFO:root:14
INFO:root:200
INFO:root:15
INFO:root:200
INFO:root:16
INFO:root:200
INFO:root:17
INFO:root:200
INFO:root:18
INFO:root:200
INFO:root:19
INFO:root:200
INFO:root:20
INFO:root:200
INFO:root:21
INFO:root:200
INFO:root:22
INFO:root:200
INFO:root:23
INFO:root:200
INFO:root:24
INFO:root:200
INFO:root:25
INFO:root:200
INFO:root:26
INFO:root:200
INFO:root:27
INFO:root:200
INFO:root:28
INFO:root:200
INFO:root:29
INFO:root:200
INFO:root:30
INFO:root:200
INFO:root:31
INFO:root:200
INFO:root:32
INFO:root:200
INFO:root:33
INFO:root:200
INFO:root:34
INFO:root:200
INFO:root:35
INFO:root:200
INFO:root:36
INFO:root:200
INFO:root:37
INFO:root:200
INFO:root:38
INFO:root:200
INFO:root:39
INFO:root:200
INFO:root:40
INFO:root:200
INFO:root:41
INFO:root:200
INFO:root:42
INFO:root:200
INFO:root:43
INFO:root:200
INFO:root:44
INFO:root:200
INFO:root:45
INFO:root:200
INFO:root:46
INFO:root:200
INFO:root:47
INFO:root:200
INFO:root:48
INFO:root:200
INFO:root:49
INFO:root:200
INFO:root:50
INFO:root:200
INFO:root:51
INFO:root:200
INFO:root:52
INFO:root:200
INFO:root:53
INFO:root:200
INFO:root:54
INFO:root:200
INFO:root:55
INFO:root:200
INFO:root:56
INFO:root:200
INFO:root:57
INFO:root:200
INFO:root:58
INFO:root:200
INFO:root:59
INFO:root:200
INFO:root:60
INFO:root:200
INFO:root:61
INFO:root:200
INFO:root:62
INFO:root:200
INFO:root:63
INFO:root:200
INFO:root:64
INFO:root:200
INFO:root:65
INFO:root:200
INFO:root:66
INFO:root:200
INFO:root:67
INFO:root:200
INFO:root:68
INFO:root:200
INFO:root:69
INFO:root:200
INFO:root:70
INFO:root:200
INFO:root:71
INFO:root:200
INFO:root:72
INFO:root:200
INFO:root:73
INFO:root:200
INFO:root:74
INFO:root:200
INFO:root:75
INFO:root:200
INFO:root:76
INFO:root:200
INFO:root:77
INFO:root:200
INFO:root:78
INFO:root:200
INFO:root:79
INFO:root:200
INFO:root:80
INFO:root:200
INFO:root:81
INFO:root:200
INFO:root:82
INFO:root:200
INFO:root:83
INFO:root:200
INFO:root:84
INFO:root:200
INFO:root:85
INFO:root:200
INFO:root:86
INFO:root:200
INFO:root:87
INFO:root:200
INFO:root:88
INFO:root:200
INFO:root:89
INFO:root:200
INFO:root:90
INFO:root:200
INFO:root:91
INFO:root:200
INFO:root:92
INFO:root:200
INFO:root:93
INFO:root:200
INFO:root:94
INFO:root:200
INFO:root:95
INFO:root:200
INFO:root:96
INFO:root:200
INFO:root:97
INFO:root:200
INFO:root:98
INFO:root:2022-07-28 16:16:16.251907
INFO:root:200
INFO:root:99
INFO:root:200
INFO:root:0
INFO:root:200
INFO:root:1
INFO:root:200
INFO:root:2
INFO:root:200
INFO:root:3
INFO:root:200
INFO:root:4
INFO:root:200
INFO:root:5
INFO:root:200
INFO:root:6
INFO:root:200
INFO:root:7
INFO:root:200
INFO:root:8
INFO:root:200
INFO:root:9
INFO:root:200
INFO:root:10
INFO:root:200
INFO:root:11
INFO:root:200
INFO:root:12
INFO:root:200
INFO:root:13
INFO:root:200
INFO:root:14
INFO:root:200
INFO:root:15
INFO:root:200
INFO:root:16
INFO:root:200
INFO:root:17
INFO:root:200
INFO:root:18
INFO:root:200
INFO:root:19
INFO:root:200
INFO:root:20
INFO:root:200
INFO:root:21
INFO:root:200
INFO:root:22
INFO:root:200
INFO:root:23
INFO:root:200
INFO:root:24
INFO:root:200
INFO:root:25
INFO:root:200
INFO:root:26
INFO:root:200
INFO:root:27
INFO:root:200
INFO:root:28
INFO:root:200
INFO:root:29
INFO:root:200
INFO:root:30
INFO:root:200
INFO:root:31
INFO:root:200
INFO:root:32
INFO:root:200
INFO:root:33
INFO:root:200
INFO:root:34
INFO:root:200
INFO:root:35
INFO:root:200
INFO:root:36
INFO:root:200
INFO:root:37
INFO:root:200
INFO:root:38
INFO:root:200
INFO:root:39
INFO:root:200
INFO:root:40
INFO:root:200
INFO:root:41
INFO:root:200
INFO:root:42
INFO:root:200
INFO:root:43
INFO:root:200
INFO:root:44
INFO:root:200
INFO:root:45
INFO:root:200
INFO:root:46
INFO:root:200
INFO:root:47
INFO:root:200
INFO:root:48
INFO:root:200
INFO:root:49
INFO:root:200
INFO:root:50
INFO:root:200
INFO:root:51
INFO:root:200
INFO:root:52
INFO:root:200
INFO:root:53
INFO:root:200
INFO:root:54
INFO:root:200
INFO:root:55
INFO:root:200
INFO:root:56
INFO:root:200
INFO:root:57
INFO:root:200
INFO:root:58
INFO:root:200
INFO:root:59
INFO:root:200
INFO:root:60
INFO:root:200
INFO:root:61
INFO:root:200
INFO:root:62
INFO:root:200
INFO:root:63
INFO:root:200
INFO:root:64
INFO:root:200
INFO:root:65
INFO:root:200
INFO:root:66
INFO:root:200
INFO:root:67
INFO:root:200
INFO:root:68
INFO:root:200
INFO:root:69
INFO:root:200
INFO:root:70
INFO:root:200
INFO:root:71
INFO:root:200
INFO:root:72
INFO:root:200
INFO:root:73
INFO:root:200
INFO:root:74
INFO:root:200
INFO:root:75
INFO:root:200
INFO:root:76
INFO:root:200
INFO:root:77
INFO:root:200
INFO:root:78
INFO:root:200
INFO:root:79
INFO:root:200
INFO:root:80
INFO:root:200
INFO:root:81
INFO:root:200
INFO:root:82
INFO:root:200
INFO:root:83
INFO:root:200
INFO:root:84
INFO:root:200
INFO:root:85
INFO:root:200
INFO:root:86
INFO:root:200
INFO:root:87
INFO:root:200
INFO:root:88
INFO:root:200
INFO:root:89
INFO:root:200
INFO:root:90
INFO:root:200
INFO:root:91
INFO:root:200
INFO:root:92
INFO:root:200
INFO:root:93
INFO:root:200
INFO:root:94
INFO:root:200
INFO:root:95
INFO:root:200
INFO:root:96
INFO:root:200
INFO:root:97
INFO:root:200
INFO:root:98
INFO:root:200
INFO:root:99
INFO:django.utils.autoreload:D:\Ascent\App\Maarg\vyuha\distance_matrix\calculate_distance_matrix.py changed, reloading.
INFO:django.utils.autoreload:D:\Ascent\App\Maarg\vyuha\distance_matrix\calculate_distance_matrix.py changed, reloading.
INFO:django.utils.autoreload:D:\Ascent\App\Maarg\vyuha\distance_matrix\calculate_distance_matrix.py changed, reloading.
INFO:django.utils.autoreload:D:\Ascent\App\Maarg\vyuha\distance_matrix\calculate_distance_matrix.py changed, reloading.
INFO:django.utils.autoreload:D:\Ascent\App\Maarg\vyuha\distance_matrix\calculate_distance_matrix.py changed, reloading.
INFO:django.utils.autoreload:D:\Ascent\App\Maarg\vyuha\views.py changed, reloading.
INFO:root:2022-07-28 16:24:13.562614
INFO:root:200
INFO:root:0
INFO:root:200
INFO:root:1
INFO:root:200
INFO:root:2
INFO:root:200
INFO:root:3
INFO:root:200
INFO:root:4
INFO:root:200
INFO:root:5
INFO:root:200
INFO:root:6
INFO:root:200
INFO:root:7
INFO:root:200
INFO:root:8
INFO:root:200
INFO:root:9
INFO:root:200
INFO:root:10
INFO:root:200
INFO:root:11
INFO:root:200
INFO:root:12
INFO:root:200
INFO:root:13
INFO:root:200
INFO:root:14
INFO:root:200
INFO:root:15
INFO:root:200
INFO:root:16
INFO:root:200
INFO:root:17
INFO:root:200
INFO:root:18
INFO:root:200
INFO:root:19
INFO:root:200
INFO:root:20
INFO:root:200
INFO:root:21
INFO:root:200
INFO:root:22
INFO:root:200
INFO:root:23
INFO:root:200
INFO:root:24
INFO:root:200
INFO:root:25
INFO:root:200
INFO:root:26
INFO:root:200
INFO:root:27
INFO:root:200
INFO:root:28
INFO:root:200
INFO:root:29
INFO:root:200
INFO:root:30
INFO:root:200
INFO:root:31
INFO:root:200
INFO:root:32
INFO:root:200
INFO:root:33
INFO:root:200
INFO:root:34
INFO:root:200
INFO:root:35
INFO:root:200
INFO:root:36
INFO:root:200
INFO:root:37
INFO:root:200
INFO:root:38
INFO:root:200
INFO:root:39
INFO:root:200
INFO:root:40
INFO:root:200
INFO:root:41
INFO:root:200
INFO:root:42
INFO:root:200
INFO:root:43
INFO:root:200
INFO:root:44
INFO:root:200
INFO:root:45
INFO:root:200
INFO:root:46
INFO:root:200
INFO:root:47
INFO:root:200
INFO:root:48
INFO:root:200
INFO:root:49
INFO:root:200
INFO:root:50
INFO:root:200
INFO:root:51
INFO:root:200
INFO:root:52
INFO:root:200
INFO:root:53
INFO:root:200
INFO:root:54
INFO:root:200
INFO:root:55
INFO:root:200
INFO:root:56
INFO:root:200
INFO:root:57
INFO:root:200
INFO:root:58
INFO:root:200
INFO:root:59
INFO:root:200
INFO:root:60
INFO:root:200
INFO:root:61
INFO:root:200
INFO:root:62
INFO:root:200
INFO:root:63
INFO:root:200
INFO:root:64
INFO:root:200
INFO:root:65
INFO:root:200
INFO:root:66
INFO:root:200
INFO:root:67
INFO:root:200
INFO:root:68
INFO:root:200
INFO:root:69
INFO:root:200
INFO:root:70
INFO:root:200
INFO:root:71
INFO:root:200
INFO:root:72
INFO:root:200
INFO:root:73
INFO:root:200
INFO:root:74
INFO:root:200
INFO:root:75
INFO:root:200
INFO:root:76
INFO:root:200
INFO:root:77
INFO:root:200
INFO:root:78
INFO:root:200
INFO:root:79
INFO:root:200
INFO:root:80
INFO:root:200
INFO:root:81
INFO:root:200
INFO:root:82
INFO:root:200
INFO:root:83
INFO:root:200
INFO:root:84
INFO:root:200
INFO:root:85
INFO:root:200
INFO:root:86
INFO:root:200
INFO:root:87
INFO:root:200
INFO:root:88
INFO:root:200
INFO:root:89
INFO:root:200
INFO:root:90
INFO:root:200
INFO:root:91
INFO:root:200
INFO:root:92
INFO:root:200
INFO:root:93
INFO:root:200
INFO:root:94
INFO:root:200
INFO:root:95
INFO:root:200
INFO:root:96
INFO:root:200
INFO:root:97
INFO:root:200
INFO:root:98
INFO:root:200
INFO:root:99
INFO:root:Done
INFO:django.utils.autoreload:D:\Ascent\App\Maarg\vyuha\views.py changed, reloading.
INFO:django.utils.autoreload:D:\Ascent\App\Maarg\vyuha\views.py changed, reloading.
INFO:django.utils.autoreload:D:\Ascent\App\Maarg\vyuha\views.py changed, reloading.
INFO:django.utils.autoreload:D:\Ascent\App\Maarg\vyuha\views.py changed, reloading.
INFO:root:2022-07-28 17:17:05.770740
INFO:root:200
INFO:root:0
INFO:root:200
INFO:root:1
INFO:root:200
INFO:root:2
INFO:root:200
INFO:root:3
INFO:root:200
INFO:root:4
INFO:root:200
INFO:root:5
INFO:root:200
INFO:root:6
INFO:root:200
INFO:root:7
INFO:root:200
INFO:root:8
INFO:root:200
INFO:root:9
INFO:root:200
INFO:root:10
INFO:root:200
INFO:root:11
INFO:root:200
INFO:root:12
INFO:root:200
INFO:root:13
INFO:root:200
INFO:root:14
INFO:root:200
INFO:root:15
INFO:root:200
INFO:root:16
INFO:root:200
INFO:root:17
INFO:root:200
INFO:root:18
INFO:root:200
INFO:root:19
INFO:root:200
INFO:root:20
INFO:root:200
INFO:root:21
INFO:root:200
INFO:root:22
INFO:root:200
INFO:root:23
INFO:root:200
INFO:root:24
INFO:root:200
INFO:root:25
INFO:root:200
INFO:root:26
INFO:root:200
INFO:root:27
INFO:root:200
INFO:root:28
INFO:root:200
INFO:root:29
INFO:root:200
INFO:root:30
INFO:root:200
INFO:root:31
INFO:root:200
INFO:root:32
INFO:root:200
INFO:root:33
INFO:root:200
INFO:root:34
INFO:root:200
INFO:root:35
INFO:root:200
INFO:root:36
INFO:root:200
INFO:root:37
INFO:root:200
INFO:root:38
INFO:root:200
INFO:root:39
INFO:root:200
INFO:root:40
INFO:root:200
INFO:root:41
INFO:root:200
INFO:root:42
INFO:root:200
INFO:root:43
INFO:root:200
INFO:root:44
INFO:root:200
INFO:root:45
INFO:root:200
INFO:root:46
INFO:root:200
INFO:root:47
INFO:root:200
INFO:root:48
INFO:root:200
INFO:root:49
INFO:root:200
INFO:root:50
INFO:root:200
INFO:root:51
INFO:root:200
INFO:root:52
INFO:root:200
INFO:root:53
INFO:root:200
INFO:root:54
INFO:root:200
INFO:root:55
INFO:root:200
INFO:root:56
INFO:root:200
INFO:root:57
INFO:root:200
INFO:root:58
INFO:root:200
INFO:root:59
INFO:root:200
INFO:root:60
INFO:root:200
INFO:root:61
INFO:root:200
INFO:root:62
INFO:root:200
INFO:root:63
INFO:root:200
INFO:root:64
INFO:root:200
INFO:root:65
INFO:root:200
INFO:root:66
INFO:root:200
INFO:root:67
INFO:root:200
INFO:root:68
INFO:root:200
INFO:root:69
INFO:root:200
INFO:root:70
INFO:root:200
INFO:root:71
INFO:root:200
INFO:root:72
INFO:root:200
INFO:root:73
INFO:root:200
INFO:root:74
INFO:root:200
INFO:root:75
INFO:root:200
INFO:root:76
INFO:root:200
INFO:root:77
INFO:root:200
INFO:root:78
INFO:root:200
INFO:root:79
INFO:root:200
INFO:root:80
INFO:root:200
INFO:root:81
INFO:root:200
INFO:root:82
INFO:root:200
INFO:root:83
INFO:root:200
INFO:root:84
INFO:root:200
INFO:root:85
INFO:root:200
INFO:root:86
INFO:root:200
INFO:root:87
INFO:root:200
INFO:root:88
INFO:root:200
INFO:root:89
INFO:root:200
INFO:root:90
INFO:root:200
INFO:root:91
INFO:root:200
INFO:root:92
INFO:root:200
INFO:root:93
INFO:root:200
INFO:root:94
INFO:root:200
INFO:root:95
INFO:root:200
INFO:root:96
INFO:root:200
INFO:root:97
INFO:root:200
INFO:root:98
INFO:root:200
INFO:root:99
INFO:root:Done
INFO:django.utils.autoreload:D:\Ascent\App\Maarg\vyuha\distance_matrix\calculate_distance_matrix.py changed, reloading.
INFO:django.utils.autoreload:D:\Ascent\App\Maarg\vyuha\distance_matrix\calculate_distance_matrix.py changed, reloading.
INFO:django.utils.autoreload:D:\Ascent\App\Maarg\vyuha\distance_matrix\calculate_distance_matrix.py changed, reloading.
INFO:django.utils.autoreload:D:\Ascent\App\Maarg\vyuha\distance_matrix\calculate_distance_matrix.py changed, reloading.
INFO:django.utils.autoreload:D:\Ascent\App\Maarg\vyuha\distance_matrix\calculate_distance_matrix.py changed, reloading.
ERROR:django.request:Internal Server Error: /vyuha/calculate_distance
Traceback (most recent call last):
  File "D:\Ascent\App\blender_env\lib\site-packages\django\core\handlers\exception.py", line 55, in inner
    response = get_response(request)
  File "D:\Ascent\App\blender_env\lib\site-packages\django\core\handlers\base.py", line 197, in _get_response
    response = wrapped_callback(request, *callback_args, **callback_kwargs)
  File "D:\Ascent\App\Maarg\vyuha\views.py", line 30, in calculate_distance
    result = dist_matrix.distance(df, unit_name)
  File "D:\Ascent\App\blender_env\lib\site-packages\celery\local.py", line 188, in __call__
    return self._get_current_object()(*a, **kw)
  File "D:\Ascent\App\blender_env\lib\site-packages\celery\app\task.py", line 392, in __call__
    return self.run(*args, **kwargs)
TypeError: distance() missing 1 required positional argument: 'output_file_name'
INFO:django.utils.autoreload:D:\Ascent\App\Maarg\vyuha\distance_matrix\calculate_distance_matrix.py changed, reloading.
INFO:root:2022-07-28 17:22:34.176618
INFO:root:200
INFO:root:0
INFO:root:200
INFO:root:1
INFO:root:200
INFO:root:2
INFO:root:200
INFO:root:3
INFO:root:200
INFO:root:4
INFO:root:200
INFO:root:5
INFO:root:200
INFO:root:6
INFO:root:200
INFO:root:7
INFO:root:200
INFO:root:8
INFO:root:200
INFO:root:9
INFO:root:200
INFO:root:10
INFO:root:200
INFO:root:11
INFO:root:200
INFO:root:12
INFO:root:200
INFO:root:13
INFO:root:200
INFO:root:14
INFO:root:200
INFO:root:15
INFO:root:200
INFO:root:16
INFO:root:200
INFO:root:17
INFO:root:200
INFO:root:18
INFO:root:200
INFO:root:19
INFO:root:200
INFO:root:20
INFO:root:200
INFO:root:21
INFO:root:200
INFO:root:22
INFO:root:200
INFO:root:23
INFO:root:200
INFO:root:24
INFO:root:200
INFO:root:25
INFO:root:200
INFO:root:26
INFO:root:200
INFO:root:27
INFO:root:200
INFO:root:28
INFO:root:200
INFO:root:29
INFO:root:200
INFO:root:30
INFO:root:200
INFO:root:31
INFO:root:200
INFO:root:32
INFO:root:200
INFO:root:33
INFO:root:200
INFO:root:34
INFO:root:200
INFO:root:35
INFO:root:200
INFO:root:36
INFO:root:200
INFO:root:37
INFO:root:200
INFO:root:38
INFO:root:200
INFO:root:39
INFO:root:200
INFO:root:40
INFO:root:200
INFO:root:41
INFO:root:200
INFO:root:42
INFO:root:200
INFO:root:43
INFO:root:200
INFO:root:44
INFO:root:200
INFO:root:45
INFO:root:200
INFO:root:46
INFO:root:200
INFO:root:47
INFO:root:200
INFO:root:48
INFO:root:200
INFO:root:49
INFO:root:200
INFO:root:50
INFO:root:200
INFO:root:51
INFO:root:200
INFO:root:52
INFO:root:200
INFO:root:53
INFO:root:200
INFO:root:54
INFO:root:200
INFO:root:55
INFO:root:200
INFO:root:56
INFO:root:200
INFO:root:57
INFO:root:200
INFO:root:58
INFO:root:200
INFO:root:59
INFO:root:200
INFO:root:60
INFO:root:200
INFO:root:61
INFO:root:200
INFO:root:62
INFO:root:200
INFO:root:63
INFO:root:200
INFO:root:64
INFO:root:200
INFO:root:65
INFO:root:200
INFO:root:66
INFO:root:200
INFO:root:67
INFO:root:200
INFO:root:68
INFO:root:200
INFO:root:69
INFO:root:200
INFO:root:70
INFO:root:200
INFO:root:71
INFO:root:200
INFO:root:72
INFO:root:200
INFO:root:73
INFO:root:200
INFO:root:74
INFO:root:200
INFO:root:75
INFO:root:200
INFO:root:76
INFO:root:200
INFO:root:77
INFO:root:200
INFO:root:78
INFO:root:200
INFO:root:79
INFO:root:200
INFO:root:80
INFO:root:200
INFO:root:81
INFO:root:200
INFO:root:82
INFO:root:200
INFO:root:83
INFO:root:200
INFO:root:84
INFO:root:200
INFO:root:85
INFO:root:200
INFO:root:86
INFO:root:200
INFO:root:87
INFO:root:200
INFO:root:88
INFO:root:200
INFO:root:89
INFO:root:200
INFO:root:90
INFO:root:200
INFO:root:91
INFO:root:200
INFO:root:92
INFO:root:200
INFO:root:93
INFO:root:200
INFO:root:94
INFO:root:200
INFO:root:95
INFO:root:200
INFO:root:96
INFO:root:200
INFO:root:97
INFO:root:200
INFO:root:98
INFO:root:200
INFO:root:99
INFO:root:Done
INFO:django.utils.autoreload:D:\Ascent\App\Maarg\vyuha\distance_matrix\calculate_distance_matrix.py changed, reloading.
INFO:django.utils.autoreload:D:\Ascent\App\Maarg\vyuha\views.py changed, reloading.
ERROR:django.request:Internal Server Error: /vyuha/calculate_distance
Traceback (most recent call last):
  File "D:\Ascent\App\blender_env\lib\site-packages\django\core\handlers\exception.py", line 55, in inner
    response = get_response(request)
  File "D:\Ascent\App\blender_env\lib\site-packages\django\core\handlers\base.py", line 197, in _get_response
    response = wrapped_callback(request, *callback_args, **callback_kwargs)
  File "D:\Ascent\App\Maarg\vyuha\views.py", line 30, in calculate_distance
    result = dist_matrix.distance.delay(df, unit_name)
  File "D:\Ascent\App\blender_env\lib\site-packages\celery\app\task.py", line 425, in delay
    return self.apply_async(args, kwargs)
  File "D:\Ascent\App\blender_env\lib\site-packages\celery\app\task.py", line 540, in apply_async
    check_arguments(*(args or ()), **(kwargs or {}))
TypeError: distance() missing 1 required positional argument: 'output_file_name'
INFO:root:2022-07-28 17:29:35.313652
INFO:django.utils.autoreload:D:\Ascent\App\Maarg\vyuha\views.py changed, reloading.
INFO:django.utils.autoreload:D:\Ascent\App\Maarg\vyuha\distance_matrix\calculate_distance_matrix.py changed, reloading.
INFO:django.utils.autoreload:D:\Ascent\App\Maarg\vyuha\distance_matrix\calculate_distance_matrix.py changed, reloading.
ERROR:django.request:Internal Server Error: /vyuha/calculate_distance
Traceback (most recent call last):
  File "D:\Ascent\App\blender_env\lib\site-packages\django\core\handlers\exception.py", line 55, in inner
    response = get_response(request)
  File "D:\Ascent\App\blender_env\lib\site-packages\django\core\handlers\base.py", line 197, in _get_response
    response = wrapped_callback(request, *callback_args, **callback_kwargs)
  File "D:\Ascent\App\Maarg\vyuha\views.py", line 30, in calculate_distance
    result = dist_matrix.distance.delay(df, output_filename=unit_name)
AttributeError: 'function' object has no attribute 'delay'
INFO:django.utils.autoreload:D:\Ascent\App\Maarg\vyuha\views.py changed, reloading.
ERROR:django.request:Internal Server Error: /vyuha/calculate_distance
Traceback (most recent call last):
  File "D:\Ascent\App\blender_env\lib\site-packages\django\core\handlers\exception.py", line 55, in inner
    response = get_response(request)
  File "D:\Ascent\App\blender_env\lib\site-packages\django\core\handlers\base.py", line 197, in _get_response
    response = wrapped_callback(request, *callback_args, **callback_kwargs)
  File "D:\Ascent\App\Maarg\vyuha\views.py", line 30, in calculate_distance
    result = dist_matrix.distance(df, output_filename=unit_name)
TypeError: distance() got an unexpected keyword argument 'output_filename'
INFO:django.utils.autoreload:D:\Ascent\App\Maarg\vyuha\views.py changed, reloading.
ERROR:django.request:Internal Server Error: /vyuha/calculate_distance
Traceback (most recent call last):
  File "D:\Ascent\App\blender_env\lib\site-packages\django\core\handlers\exception.py", line 55, in inner
    response = get_response(request)
  File "D:\Ascent\App\blender_env\lib\site-packages\django\core\handlers\base.py", line 197, in _get_response
    response = wrapped_callback(request, *callback_args, **callback_kwargs)
  File "D:\Ascent\App\Maarg\vyuha\views.py", line 30, in calculate_distance
    result = dist_matrix.distance.delay(df, unit_name)
AttributeError: 'function' object has no attribute 'delay'
INFO:django.utils.autoreload:D:\Ascent\App\Maarg\vyuha\views.py changed, reloading.
INFO:root:2022-07-28 17:32:26.845070
INFO:root:200
INFO:root:0
INFO:root:200
INFO:root:1
INFO:root:200
INFO:root:2
INFO:root:200
INFO:root:3
INFO:root:200
INFO:root:4
INFO:root:200
INFO:root:5
INFO:root:200
INFO:root:6
INFO:root:200
INFO:root:7
INFO:root:200
INFO:root:8
INFO:root:200
INFO:root:9
INFO:root:200
INFO:root:10
INFO:root:200
INFO:root:11
INFO:root:200
INFO:root:12
INFO:root:200
INFO:root:13
INFO:root:200
INFO:root:14
INFO:root:200
INFO:root:15
INFO:root:200
INFO:root:16
INFO:root:200
INFO:root:17
INFO:root:200
INFO:root:18
INFO:root:200
INFO:root:19
INFO:root:200
INFO:root:20
INFO:root:200
INFO:root:21
INFO:root:200
INFO:root:22
INFO:root:200
INFO:root:23
INFO:root:200
INFO:root:24
INFO:root:200
INFO:root:25
INFO:root:200
INFO:root:26
INFO:root:200
INFO:root:27
INFO:root:200
INFO:root:28
INFO:root:200
INFO:root:29
INFO:root:200
INFO:root:30
INFO:root:200
INFO:root:31
INFO:root:200
INFO:root:32
INFO:root:200
INFO:root:33
INFO:root:200
INFO:root:34
INFO:root:200
INFO:root:35
INFO:root:200
INFO:root:36
INFO:root:200
INFO:root:37
INFO:root:200
INFO:root:38
INFO:root:200
INFO:root:39
INFO:root:200
INFO:root:40
INFO:root:200
INFO:root:41
INFO:root:200
INFO:root:42
INFO:root:200
INFO:root:43
INFO:root:200
INFO:root:44
INFO:root:200
INFO:root:45
INFO:root:200
INFO:root:46
INFO:root:200
INFO:root:47
INFO:root:200
INFO:root:48
INFO:root:200
INFO:root:49
INFO:root:200
INFO:root:50
INFO:root:200
INFO:root:51
INFO:root:200
INFO:root:52
INFO:root:200
INFO:root:53
INFO:root:200
INFO:root:54
INFO:root:200
INFO:root:55
INFO:root:200
INFO:root:56
INFO:root:200
INFO:root:57
INFO:root:200
INFO:root:58
INFO:root:200
INFO:root:59
INFO:root:200
INFO:root:60
INFO:root:200
INFO:root:61
INFO:root:200
INFO:root:62
INFO:root:200
INFO:root:63
INFO:root:200
INFO:root:64
INFO:root:200
INFO:root:65
INFO:root:200
INFO:root:66
INFO:root:200
INFO:root:67
INFO:root:200
INFO:root:68
INFO:root:200
INFO:root:69
INFO:root:200
INFO:root:70
INFO:root:200
INFO:root:71
INFO:root:200
INFO:root:72
INFO:root:200
INFO:root:73
INFO:root:200
INFO:root:74
INFO:root:200
INFO:root:75
INFO:root:200
INFO:root:76
INFO:root:200
INFO:root:77
INFO:root:200
INFO:root:78
INFO:root:200
INFO:root:79
INFO:root:200
INFO:root:80
INFO:root:200
INFO:root:81
INFO:root:200
INFO:root:82
INFO:root:200
INFO:root:83
INFO:root:200
INFO:root:84
INFO:root:200
INFO:root:85
INFO:root:200
INFO:root:86
INFO:root:200
INFO:root:87
INFO:root:200
INFO:root:88
INFO:root:200
INFO:root:89
INFO:root:200
INFO:root:90
INFO:root:200
INFO:root:91
INFO:root:200
INFO:root:92
INFO:root:200
INFO:root:93
INFO:root:200
INFO:root:94
INFO:root:200
INFO:root:95
INFO:root:200
INFO:root:96
INFO:root:200
INFO:root:97
INFO:root:200
INFO:root:98
INFO:root:200
INFO:root:99
INFO:root:Done
INFO:django.utils.autoreload:D:\Ascent\App\Maarg\vyuha\distance_matrix\calculate_distance_matrix.py changed, reloading.
INFO:django.utils.autoreload:D:\Ascent\App\Maarg\vyuha\views.py changed, reloading.
ERROR:django.request:Internal Server Error: /vyuha/calculate_distance
Traceback (most recent call last):
  File "D:\Ascent\App\blender_env\lib\site-packages\django\core\handlers\exception.py", line 55, in inner
    response = get_response(request)
  File "D:\Ascent\App\blender_env\lib\site-packages\django\core\handlers\base.py", line 197, in _get_response
    response = wrapped_callback(request, *callback_args, **callback_kwargs)
  File "D:\Ascent\App\Maarg\vyuha\views.py", line 30, in calculate_distance
    result = dist_matrix.distance.delay(df, unit_name)
  File "D:\Ascent\App\blender_env\lib\site-packages\celery\app\task.py", line 425, in delay
    return self.apply_async(args, kwargs)
  File "D:\Ascent\App\blender_env\lib\site-packages\celery\app\task.py", line 540, in apply_async
    check_arguments(*(args or ()), **(kwargs or {}))
TypeError: distance() missing 1 required positional argument: 'output_file_name'
INFO:django.utils.autoreload:D:\Ascent\App\Maarg\vyuha\views.py changed, reloading.
ERROR:django.request:Internal Server Error: /vyuha/calculate_distance
Traceback (most recent call last):
  File "D:\Ascent\App\blender_env\lib\site-packages\django\core\handlers\exception.py", line 55, in inner
    response = get_response(request)
  File "D:\Ascent\App\blender_env\lib\site-packages\django\core\handlers\base.py", line 197, in _get_response
    response = wrapped_callback(request, *callback_args, **callback_kwargs)
  File "D:\Ascent\App\Maarg\vyuha\views.py", line 30, in calculate_distance
    result = dist_matrix.distance(df, unit_name)
  File "D:\Ascent\App\blender_env\lib\site-packages\celery\local.py", line 188, in __call__
    return self._get_current_object()(*a, **kw)
  File "D:\Ascent\App\blender_env\lib\site-packages\celery\app\task.py", line 392, in __call__
    return self.run(*args, **kwargs)
TypeError: distance() missing 1 required positional argument: 'output_file_name'
INFO:django.utils.autoreload:D:\Ascent\App\Maarg\vyuha\views.py changed, reloading.
ERROR:django.request:Internal Server Error: /vyuha/calculate_distance
Traceback (most recent call last):
  File "D:\Ascent\App\blender_env\lib\site-packages\django\core\handlers\exception.py", line 55, in inner
    response = get_response(request)
  File "D:\Ascent\App\blender_env\lib\site-packages\django\core\handlers\base.py", line 197, in _get_response
    response = wrapped_callback(request, *callback_args, **callback_kwargs)
  File "D:\Ascent\App\Maarg\vyuha\views.py", line 30, in calculate_distance
    result = dist_matrix.distance(df, unit_name)
  File "D:\Ascent\App\blender_env\lib\site-packages\celery\local.py", line 188, in __call__
    return self._get_current_object()(*a, **kw)
  File "D:\Ascent\App\blender_env\lib\site-packages\celery\app\task.py", line 392, in __call__
    return self.run(*args, **kwargs)
TypeError: distance() missing 1 required positional argument: 'output_file_name'
INFO:django.utils.autoreload:D:\Ascent\App\Maarg\vyuha\distance_matrix\calculate_distance_matrix.py changed, reloading.
INFO:root:2022-07-28 17:33:57.176064
INFO:root:200
INFO:root:0
INFO:root:200
INFO:root:1
INFO:root:200
INFO:root:2
INFO:root:200
INFO:root:3
INFO:root:200
INFO:root:4
INFO:root:200
INFO:root:5
INFO:root:200
INFO:root:6
INFO:root:200
INFO:root:7
INFO:root:200
INFO:root:8
INFO:root:200
INFO:root:9
INFO:root:200
INFO:root:10
INFO:root:200
INFO:root:11
INFO:root:200
INFO:root:12
INFO:root:200
INFO:root:13
INFO:root:200
INFO:root:14
INFO:root:200
INFO:root:15
INFO:root:200
INFO:root:16
INFO:root:200
INFO:root:17
INFO:root:200
INFO:root:18
INFO:root:200
INFO:root:19
INFO:root:200
INFO:root:20
INFO:root:200
INFO:root:21
INFO:root:200
INFO:root:22
INFO:root:200
INFO:root:23
INFO:root:200
INFO:root:24
INFO:root:200
INFO:root:25
INFO:root:200
INFO:root:26
INFO:root:200
INFO:root:27
INFO:root:200
INFO:root:28
INFO:root:200
INFO:root:29
INFO:root:200
INFO:root:30
INFO:root:200
INFO:root:31
INFO:root:200
INFO:root:32
INFO:root:200
INFO:root:33
INFO:root:200
INFO:root:34
INFO:root:200
INFO:root:35
INFO:root:200
INFO:root:36
INFO:root:200
INFO:root:37
INFO:root:200
INFO:root:38
INFO:root:200
INFO:root:39
INFO:root:200
INFO:root:40
INFO:root:200
INFO:root:41
INFO:root:200
INFO:root:42
INFO:root:200
INFO:root:43
INFO:root:200
INFO:root:44
INFO:root:200
INFO:root:45
INFO:root:200
INFO:root:46
INFO:root:200
INFO:root:47
INFO:root:200
INFO:root:48
INFO:root:200
INFO:root:49
INFO:root:200
INFO:root:50
INFO:root:200
INFO:root:51
INFO:root:200
INFO:root:52
INFO:root:200
INFO:root:53
INFO:root:200
INFO:root:54
INFO:root:200
INFO:root:55
INFO:root:200
INFO:root:56
INFO:root:200
INFO:root:57
INFO:root:200
INFO:root:58
INFO:root:200
INFO:root:59
INFO:root:200
INFO:root:60
INFO:root:200
INFO:root:61
INFO:root:200
INFO:root:62
INFO:root:200
INFO:root:63
INFO:root:200
INFO:root:64
INFO:root:200
INFO:root:65
INFO:root:200
INFO:root:66
INFO:root:200
INFO:root:67
INFO:root:200
INFO:root:68
INFO:root:200
INFO:root:69
INFO:root:200
INFO:root:70
INFO:root:200
INFO:root:71
INFO:root:200
INFO:root:72
INFO:root:200
INFO:root:73
INFO:root:200
INFO:root:74
INFO:root:200
INFO:root:75
INFO:root:200
INFO:root:76
INFO:root:200
INFO:root:77
INFO:root:200
INFO:root:78
INFO:root:200
INFO:root:79
INFO:root:200
INFO:root:80
INFO:root:200
INFO:root:81
INFO:root:200
INFO:root:82
INFO:root:200
INFO:root:83
INFO:root:200
INFO:root:84
INFO:root:200
INFO:root:85
INFO:root:200
INFO:root:86
INFO:root:200
INFO:root:87
INFO:root:200
INFO:root:88
INFO:root:200
INFO:root:89
INFO:root:200
INFO:root:90
INFO:root:200
INFO:root:91
INFO:root:200
INFO:root:92
INFO:root:200
INFO:root:93
INFO:root:200
INFO:root:94
INFO:root:200
INFO:root:95
INFO:root:200
INFO:root:96
INFO:root:200
INFO:root:97
INFO:root:200
INFO:root:98
INFO:root:200
INFO:root:99
INFO:root:Done
INFO:root:2022-07-28 17:42:17.280155
INFO:root:200
INFO:root:0
INFO:root:200
INFO:root:1
INFO:root:200
INFO:root:2
INFO:root:200
INFO:root:3
INFO:root:200
INFO:root:4
INFO:root:200
INFO:root:5
INFO:root:200
INFO:root:6
INFO:root:200
INFO:root:7
INFO:root:200
INFO:root:8
INFO:root:200
INFO:root:9
INFO:root:200
INFO:root:10
INFO:root:200
INFO:root:11
INFO:root:200
INFO:root:12
INFO:root:200
INFO:root:13
INFO:root:200
INFO:root:14
INFO:root:200
INFO:root:15
INFO:root:200
INFO:root:16
INFO:root:200
INFO:root:17
INFO:root:200
INFO:root:18
INFO:root:200
INFO:root:19
INFO:root:200
INFO:root:20
INFO:root:200
INFO:root:21
INFO:root:200
INFO:root:22
INFO:root:200
INFO:root:23
INFO:root:200
INFO:root:24
INFO:root:200
INFO:root:25
INFO:root:200
INFO:root:26
INFO:root:200
INFO:root:27
INFO:root:200
INFO:root:28
INFO:root:200
INFO:root:29
INFO:root:200
INFO:root:30
INFO:root:200
INFO:root:31
INFO:root:200
INFO:root:32
INFO:root:200
INFO:root:33
INFO:root:200
INFO:root:34
INFO:root:200
INFO:root:35
INFO:root:200
INFO:root:36
INFO:root:200
INFO:root:37
INFO:root:200
INFO:root:38
INFO:root:200
INFO:root:39
INFO:root:200
INFO:root:40
INFO:root:200
INFO:root:41
INFO:root:200
INFO:root:42
INFO:root:200
INFO:root:43
INFO:root:200
INFO:root:44
INFO:root:200
INFO:root:45
INFO:root:200
INFO:root:46
INFO:root:200
INFO:root:47
INFO:root:200
INFO:root:48
INFO:root:200
INFO:root:49
INFO:root:200
INFO:root:50
INFO:root:200
INFO:root:51
INFO:root:200
INFO:root:52
INFO:root:200
INFO:root:53
INFO:root:200
INFO:root:54
INFO:root:200
INFO:root:55
INFO:root:200
INFO:root:56
INFO:root:200
INFO:root:57
INFO:root:200
INFO:root:58
INFO:root:200
INFO:root:59
INFO:root:200
INFO:root:60
INFO:root:200
INFO:root:61
INFO:root:200
INFO:root:62
INFO:root:200
INFO:root:63
INFO:root:200
INFO:root:64
INFO:root:200
INFO:root:65
INFO:root:200
INFO:root:66
INFO:root:200
INFO:root:67
INFO:root:200
INFO:root:68
INFO:root:200
INFO:root:69
INFO:root:200
INFO:root:70
INFO:root:200
INFO:root:71
INFO:root:200
INFO:root:72
INFO:root:200
INFO:root:73
INFO:root:200
INFO:root:74
INFO:root:200
INFO:root:75
INFO:root:200
INFO:root:76
INFO:root:200
INFO:root:77
INFO:root:200
INFO:root:78
INFO:root:200
INFO:root:79
INFO:root:200
INFO:root:80
INFO:root:200
INFO:root:81
INFO:root:200
INFO:root:82
INFO:root:200
INFO:root:83
INFO:root:200
INFO:root:84
INFO:root:200
INFO:root:85
INFO:root:200
INFO:root:86
INFO:root:200
INFO:root:87
INFO:root:200
INFO:root:88
INFO:root:200
INFO:root:89
INFO:root:200
INFO:root:90
INFO:root:200
INFO:root:91
INFO:root:200
INFO:root:92
INFO:root:200
INFO:root:93
INFO:root:200
INFO:root:94
INFO:root:200
INFO:root:95
INFO:root:200
INFO:root:96
INFO:root:200
INFO:root:97
INFO:root:200
INFO:root:98
INFO:root:200
INFO:root:99
INFO:root:Done
INFO:django.utils.autoreload:D:\Ascent\App\Maarg\vyuha\urls.py changed, reloading.
INFO:django.utils.autoreload:D:\Ascent\App\Maarg\vyuha\urls.py changed, reloading.
INFO:django.utils.autoreload:D:\Ascent\App\Maarg\vyuha\views.py changed, reloading.
INFO:django.utils.autoreload:D:\Ascent\App\Maarg\vyuha\views.py changed, reloading.
INFO:django.utils.autoreload:D:\Ascent\App\Maarg\vyuha\views.py changed, reloading.
INFO:django.utils.autoreload:D:\Ascent\App\Maarg\vyuha\views.py changed, reloading.
INFO:django.utils.autoreload:D:\Ascent\App\Maarg\vyuha\views.py changed, reloading.
WARNING:django.security.csrf:Forbidden (CSRF token missing.): /vyuha/get_distance_matrix_log
WARNING:django.security.csrf:Forbidden (CSRF token missing.): /vyuha/get_distance_matrix_log
WARNING:django.security.csrf:Forbidden (CSRF token missing.): /vyuha/get_distance_matrix_log
WARNING:django.security.csrf:Forbidden (CSRF token missing.): /vyuha/get_distance_matrix_log
ERROR:django.request:Internal Server Error: /vyuha/get_distance_matrix_log
Traceback (most recent call last):
  File "D:\Ascent\App\blender_env\lib\site-packages\django\core\handlers\exception.py", line 55, in inner
    response = get_response(request)
  File "D:\Ascent\App\blender_env\lib\site-packages\django\core\handlers\base.py", line 197, in _get_response
    response = wrapped_callback(request, *callback_args, **callback_kwargs)
  File "D:\Ascent\App\Maarg\vyuha\views.py", line 51, in get_distance_matrix_log
    data.append(line)
AttributeError: 'str' object has no attribute 'append'
INFO:django.utils.autoreload:D:\Ascent\App\Maarg\vyuha\views.py changed, reloading.
ERROR:django.request:Internal Server Error: /vyuha/calculate_distance
Traceback (most recent call last):
  File "D:\Ascent\App\blender_env\lib\site-packages\django\utils\datastructures.py", line 84, in __getitem__
    list_ = super().__getitem__(key)
KeyError: 'file'

During handling of the above exception, another exception occurred:

Traceback (most recent call last):
  File "D:\Ascent\App\blender_env\lib\site-packages\django\core\handlers\exception.py", line 55, in inner
    response = get_response(request)
  File "D:\Ascent\App\blender_env\lib\site-packages\django\core\handlers\base.py", line 197, in _get_response
    response = wrapped_callback(request, *callback_args, **callback_kwargs)
  File "D:\Ascent\App\Maarg\vyuha\views.py", line 29, in calculate_distance
    handle_uploaded_file(request.FILES['file'], output_filename)
  File "D:\Ascent\App\blender_env\lib\site-packages\django\utils\datastructures.py", line 86, in __getitem__
    raise MultiValueDictKeyError(key)
django.utils.datastructures.MultiValueDictKeyError: 'file'
ERROR:django.request:Internal Server Error: /vyuha/calculate_distance
Traceback (most recent call last):
  File "D:\Ascent\App\blender_env\lib\site-packages\django\utils\datastructures.py", line 84, in __getitem__
    list_ = super().__getitem__(key)
KeyError: 'file'

During handling of the above exception, another exception occurred:

Traceback (most recent call last):
  File "D:\Ascent\App\blender_env\lib\site-packages\django\core\handlers\exception.py", line 55, in inner
    response = get_response(request)
  File "D:\Ascent\App\blender_env\lib\site-packages\django\core\handlers\base.py", line 197, in _get_response
    response = wrapped_callback(request, *callback_args, **callback_kwargs)
  File "D:\Ascent\App\Maarg\vyuha\views.py", line 29, in calculate_distance
    handle_uploaded_file(request.FILES['file'], output_filename)
  File "D:\Ascent\App\blender_env\lib\site-packages\django\utils\datastructures.py", line 86, in __getitem__
    raise MultiValueDictKeyError(key)
django.utils.datastructures.MultiValueDictKeyError: 'file'
INFO:root:2022-07-28 18:18:08.395611
INFO:root:200
INFO:root:0
INFO:root:200
INFO:root:1
INFO:root:200
INFO:root:2
INFO:root:200
INFO:root:3
INFO:root:200
INFO:root:4
INFO:root:200
INFO:root:5
INFO:root:200
INFO:root:6
INFO:root:200
INFO:root:7
INFO:root:200
INFO:root:8
INFO:root:200
INFO:root:9
INFO:root:200
INFO:root:10
INFO:root:200
INFO:root:11
INFO:root:200
INFO:root:12
INFO:root:200
INFO:root:13
INFO:root:200
INFO:root:14
INFO:root:200
INFO:root:15
INFO:root:200
INFO:root:16
INFO:root:200
INFO:root:17
INFO:root:200
INFO:root:18
INFO:root:200
INFO:root:19
INFO:root:200
INFO:root:20
INFO:root:200
INFO:root:21
INFO:root:200
INFO:root:22
INFO:root:200
INFO:root:23
INFO:root:200
INFO:root:24
INFO:root:200
INFO:root:25
INFO:root:200
INFO:root:26
INFO:root:200
INFO:root:27
INFO:root:200
INFO:root:28
INFO:root:200
INFO:root:29
INFO:root:200
INFO:root:30
INFO:root:200
INFO:root:31
INFO:root:200
INFO:root:32
INFO:root:200
INFO:root:33
INFO:root:200
INFO:root:34
INFO:root:200
INFO:root:35
INFO:root:200
INFO:root:36
INFO:root:200
INFO:root:37
INFO:root:200
INFO:root:38
INFO:root:200
INFO:root:39
INFO:root:200
INFO:root:40
INFO:root:200
INFO:root:41
INFO:root:200
INFO:root:42
INFO:root:200
INFO:root:43
INFO:root:200
INFO:root:44
INFO:root:200
INFO:root:45
INFO:root:200
INFO:root:46
INFO:root:200
INFO:root:47
INFO:root:200
INFO:root:48
INFO:root:200
INFO:root:49
INFO:root:200
INFO:root:50
INFO:root:200
INFO:root:51
INFO:root:200
INFO:root:52
INFO:root:200
INFO:root:53
INFO:root:200
INFO:root:54
INFO:root:200
INFO:root:55
INFO:root:200
INFO:root:56
INFO:root:200
INFO:root:57
INFO:root:200
INFO:root:58
INFO:root:200
INFO:root:59
INFO:root:200
INFO:root:60
INFO:root:200
INFO:root:61
INFO:root:200
INFO:root:62
INFO:root:200
INFO:root:63
INFO:root:200
INFO:root:64
INFO:root:200
INFO:root:65
INFO:root:200
INFO:root:66
INFO:root:200
INFO:root:67
INFO:root:200
INFO:root:68
INFO:root:200
INFO:root:69
INFO:root:200
INFO:root:70
INFO:root:200
INFO:root:71
INFO:root:200
INFO:root:72
INFO:root:200
INFO:root:73
INFO:root:200
INFO:root:74
INFO:root:200
INFO:root:75
INFO:root:200
INFO:root:76
INFO:root:200
INFO:root:77
INFO:root:200
INFO:root:78
INFO:root:200
INFO:root:79
INFO:root:200
INFO:root:80
INFO:root:200
INFO:root:81
INFO:root:200
INFO:root:82
INFO:root:200
INFO:root:83
INFO:root:200
INFO:root:84
INFO:root:200
INFO:root:85
INFO:root:200
INFO:root:86
INFO:root:200
INFO:root:87
INFO:root:200
INFO:root:88
INFO:root:200
INFO:root:89
INFO:root:200
INFO:root:90
INFO:root:200
INFO:root:91
INFO:root:200
INFO:root:92
INFO:root:200
INFO:root:93
INFO:root:200
INFO:root:94
INFO:root:200
INFO:root:95
INFO:root:200
INFO:root:96
INFO:root:200
INFO:root:97
INFO:root:200
INFO:root:98
INFO:root:200
INFO:root:99
INFO:root:Done
INFO:django.utils.autoreload:D:\Ascent\App\Maarg\vyuha\views.py changed, reloading.
INFO:django.utils.autoreload:D:\Ascent\App\Maarg\vyuha\distance_matrix\calculate_distance_matrix.py changed, reloading.
INFO:root:2022-07-28 18:20:19.314637
INFO:root:200
INFO:root:0
INFO:root:200
INFO:root:1
INFO:root:200
INFO:root:2
INFO:root:200
INFO:root:3
INFO:root:200
INFO:root:4
INFO:root:200
INFO:root:5
INFO:root:200
INFO:root:6
INFO:root:200
INFO:root:7
INFO:root:200
INFO:root:8
INFO:root:200
INFO:root:9
INFO:root:200
INFO:root:10
INFO:root:200
INFO:root:11
INFO:root:200
INFO:root:12
INFO:root:200
INFO:root:13
INFO:root:200
INFO:root:14
INFO:root:200
INFO:root:15
INFO:root:200
INFO:root:16
INFO:root:200
INFO:root:17
INFO:root:200
INFO:root:18
INFO:root:200
INFO:root:19
INFO:root:200
INFO:root:20
INFO:root:200
INFO:root:21
INFO:root:200
INFO:root:22
INFO:root:200
INFO:root:23
INFO:root:200
INFO:root:24
INFO:root:200
INFO:root:25
INFO:root:200
INFO:root:26
INFO:root:200
INFO:root:27
INFO:root:200
INFO:root:28
INFO:root:200
INFO:root:29
INFO:root:200
INFO:root:30
INFO:root:200
INFO:root:31
INFO:root:200
INFO:root:32
INFO:root:200
INFO:root:33
INFO:root:200
INFO:root:34
INFO:root:200
INFO:root:35
INFO:root:200
INFO:root:36
INFO:root:200
INFO:root:37
INFO:root:200
INFO:root:38
INFO:root:200
INFO:root:39
INFO:root:200
INFO:root:40
INFO:root:200
INFO:root:41
INFO:root:200
INFO:root:42
INFO:root:200
INFO:root:43
INFO:root:200
INFO:root:44
INFO:root:200
INFO:root:45
INFO:root:200
INFO:root:46
INFO:root:200
INFO:root:47
INFO:root:200
INFO:root:48
INFO:root:200
INFO:root:49
INFO:root:200
INFO:root:50
INFO:root:200
INFO:root:51
INFO:root:200
INFO:root:52
INFO:root:200
INFO:root:53
INFO:root:200
INFO:root:54
INFO:root:200
INFO:root:55
INFO:root:200
INFO:root:56
INFO:root:200
INFO:root:57
INFO:root:200
INFO:root:58
INFO:root:200
INFO:root:59
INFO:root:200
INFO:root:60
INFO:root:200
INFO:root:61
INFO:root:200
INFO:root:62
INFO:root:200
INFO:root:63
INFO:root:200
INFO:root:64
INFO:root:200
INFO:root:65
INFO:root:200
INFO:root:66
INFO:root:200
INFO:root:67
INFO:root:200
INFO:root:68
INFO:root:200
INFO:root:69
INFO:root:200
INFO:root:70
INFO:root:200
INFO:root:71
INFO:root:200
INFO:root:72
INFO:root:200
INFO:root:73
INFO:root:200
INFO:root:74
INFO:root:200
INFO:root:75
INFO:root:200
INFO:root:76
INFO:root:200
INFO:root:77
INFO:root:200
INFO:root:78
INFO:root:200
INFO:root:79
INFO:root:200
INFO:root:80
INFO:root:200
INFO:root:81
INFO:root:200
INFO:root:82
INFO:root:200
INFO:root:83
INFO:root:200
INFO:root:84
INFO:root:200
INFO:root:85
INFO:root:200
INFO:root:86
INFO:root:200
INFO:root:87
INFO:root:200
INFO:root:88
INFO:root:200
INFO:root:89
INFO:root:200
INFO:root:90
INFO:root:200
INFO:root:91
INFO:root:200
INFO:root:92
INFO:root:200
INFO:root:93
INFO:root:200
INFO:root:94
INFO:root:200
INFO:root:95
INFO:root:200
INFO:root:96
INFO:root:200
INFO:root:97
INFO:root:200
INFO:root:98
INFO:root:200
INFO:root:99
INFO:root:2022-07-28 18:20:20.908758
INFO:django.utils.autoreload:D:\Ascent\App\Maarg\vyuha\distance_matrix\calculate_distance_matrix.py changed, reloading.
INFO:root:2022-07-28 18:21:43.541795
INFO:root:200
INFO:root:0
INFO:root:200
INFO:root:1
INFO:root:200
INFO:root:2
INFO:root:200
INFO:root:3
INFO:root:200
INFO:root:4
INFO:root:200
INFO:root:5
INFO:root:200
INFO:root:6
INFO:root:200
INFO:root:7
INFO:root:200
INFO:root:8
INFO:root:200
INFO:root:9
INFO:root:200
INFO:root:10
INFO:root:200
INFO:root:11
INFO:root:200
INFO:root:12
INFO:root:200
INFO:root:13
INFO:root:200
INFO:root:14
INFO:root:200
INFO:root:15
INFO:root:200
INFO:root:16
INFO:root:200
INFO:root:17
INFO:root:200
INFO:root:18
INFO:root:200
INFO:root:19
INFO:root:200
INFO:root:20
INFO:root:200
INFO:root:21
INFO:root:200
INFO:root:22
INFO:root:200
INFO:root:23
INFO:root:200
INFO:root:24
INFO:root:200
INFO:root:25
INFO:root:200
INFO:root:26
INFO:root:200
INFO:root:27
INFO:root:200
INFO:root:28
INFO:root:200
INFO:root:29
INFO:root:200
INFO:root:30
INFO:root:200
INFO:root:31
INFO:root:200
INFO:root:32
INFO:root:200
INFO:root:33
INFO:root:200
INFO:root:34
INFO:root:200
INFO:root:35
INFO:root:200
INFO:root:36
INFO:root:200
INFO:root:37
INFO:root:200
INFO:root:38
INFO:root:200
INFO:root:39
INFO:root:200
INFO:root:40
INFO:root:200
INFO:root:41
INFO:root:200
INFO:root:42
INFO:root:200
INFO:root:43
INFO:root:200
INFO:root:44
INFO:root:200
INFO:root:45
INFO:root:200
INFO:root:46
INFO:root:200
INFO:root:47
INFO:root:200
INFO:root:48
INFO:root:200
INFO:root:49
INFO:root:200
INFO:root:50
INFO:root:200
INFO:root:51
INFO:root:200
INFO:root:52
INFO:root:200
INFO:root:53
INFO:root:200
INFO:root:54
INFO:root:200
INFO:root:55
INFO:root:200
INFO:root:56
INFO:root:200
INFO:root:57
INFO:root:200
INFO:root:58
INFO:root:200
INFO:root:59
INFO:root:200
INFO:root:60
INFO:root:200
INFO:root:61
INFO:root:200
INFO:root:62
INFO:root:200
INFO:root:63
INFO:root:200
INFO:root:64
INFO:root:200
INFO:root:65
INFO:root:200
INFO:root:66
INFO:root:200
INFO:root:67
INFO:root:200
INFO:root:68
INFO:root:200
INFO:root:69
INFO:root:200
INFO:root:70
INFO:root:200
INFO:root:71
INFO:root:200
INFO:root:72
INFO:root:200
INFO:root:73
INFO:root:200
INFO:root:74
INFO:root:200
INFO:root:75
INFO:root:200
INFO:root:76
INFO:root:200
INFO:root:77
INFO:root:200
INFO:root:78
INFO:root:200
INFO:root:79
INFO:root:200
INFO:root:80
INFO:root:200
INFO:root:81
INFO:root:200
INFO:root:82
INFO:root:200
INFO:root:83
INFO:root:200
INFO:root:84
INFO:root:200
INFO:root:85
INFO:root:200
INFO:root:86
INFO:root:200
INFO:root:87
INFO:root:200
INFO:root:88
INFO:root:200
INFO:root:89
INFO:root:200
INFO:root:90
INFO:root:200
INFO:root:91
INFO:root:200
INFO:root:92
INFO:root:200
INFO:root:93
INFO:root:200
INFO:root:94
INFO:root:200
INFO:root:95
INFO:root:200
INFO:root:96
INFO:root:200
INFO:root:97
INFO:root:200
INFO:root:98
INFO:root:200
INFO:root:99
INFO:root:2022-07-28 18:21:45.221095
ERROR:django.request:Internal Server Error: /vyuha/calculate_distance
Traceback (most recent call last):
  File "D:\Ascent\App\blender_env\lib\site-packages\django\core\handlers\exception.py", line 55, in inner
    response = get_response(request)
  File "D:\Ascent\App\blender_env\lib\site-packages\django\core\handlers\base.py", line 197, in _get_response
    response = wrapped_callback(request, *callback_args, **callback_kwargs)
  File "D:\Ascent\App\Maarg\vyuha\views.py", line 35, in calculate_distance
    result = dist_matrix.distance(df, unit_name)
  File "D:\Ascent\App\Maarg\vyuha\distance_matrix\calculate_distance_matrix.py", line 42, in distance
    logging.info(logging.info(str(datetime.today()))+'-->'+'Done')
TypeError: unsupported operand type(s) for +: 'NoneType' and 'str'
INFO:django.utils.autoreload:D:\Ascent\App\Maarg\vyuha\distance_matrix\calculate_distance_matrix.py changed, reloading.
INFO:root:2022-07-28 18:22:21.444005
INFO:root:200
INFO:root:0
INFO:root:200
INFO:root:1
INFO:root:200
INFO:root:2
INFO:root:200
INFO:root:3
INFO:root:200
INFO:root:4
INFO:root:200
INFO:root:5
INFO:root:200
INFO:root:6
INFO:root:200
INFO:root:7
INFO:root:200
INFO:root:8
INFO:root:200
INFO:root:9
INFO:root:200
INFO:root:10
INFO:root:200
INFO:root:11
INFO:root:200
INFO:root:12
INFO:root:200
INFO:root:13
INFO:root:200
INFO:root:14
INFO:root:200
INFO:root:15
INFO:root:200
INFO:root:16
INFO:root:200
INFO:root:17
INFO:root:200
INFO:root:18
INFO:root:200
INFO:root:19
INFO:root:200
INFO:root:20
INFO:root:200
INFO:root:21
INFO:root:200
INFO:root:22
INFO:root:200
INFO:root:23
INFO:root:200
INFO:root:24
INFO:root:200
INFO:root:25
INFO:root:200
INFO:root:26
INFO:root:200
INFO:root:27
INFO:root:200
INFO:root:28
INFO:root:200
INFO:root:29
INFO:root:200
INFO:root:30
INFO:root:200
INFO:root:31
INFO:root:200
INFO:root:32
INFO:root:200
INFO:root:33
INFO:root:200
INFO:root:34
INFO:root:200
INFO:root:35
INFO:root:200
INFO:root:36
INFO:root:200
INFO:root:37
INFO:root:200
INFO:root:38
INFO:root:200
INFO:root:39
INFO:root:200
INFO:root:40
INFO:root:200
INFO:root:41
INFO:root:200
INFO:root:42
INFO:root:200
INFO:root:43
INFO:root:200
INFO:root:44
INFO:root:200
INFO:root:45
INFO:root:200
INFO:root:46
INFO:root:200
INFO:root:47
INFO:root:200
INFO:root:48
INFO:root:200
INFO:root:49
INFO:root:200
INFO:root:50
INFO:root:200
INFO:root:51
INFO:root:200
INFO:root:52
INFO:root:200
INFO:root:53
INFO:root:200
INFO:root:54
INFO:root:200
INFO:root:55
INFO:root:200
INFO:root:56
INFO:root:200
INFO:root:57
INFO:root:200
INFO:root:58
INFO:root:200
INFO:root:59
INFO:root:200
INFO:root:60
INFO:root:200
INFO:root:61
INFO:root:200
INFO:root:62
INFO:root:200
INFO:root:63
INFO:root:200
INFO:root:64
INFO:root:200
INFO:root:65
INFO:root:200
INFO:root:66
INFO:root:200
INFO:root:67
INFO:root:200
INFO:root:68
INFO:root:200
INFO:root:69
INFO:root:200
INFO:root:70
INFO:root:200
INFO:root:71
INFO:root:200
INFO:root:72
INFO:root:200
INFO:root:73
INFO:root:200
INFO:root:74
INFO:root:200
INFO:root:75
INFO:root:200
INFO:root:76
INFO:root:200
INFO:root:77
INFO:root:200
INFO:root:78
INFO:root:200
INFO:root:79
INFO:root:200
INFO:root:80
INFO:root:200
INFO:root:81
INFO:root:200
INFO:root:82
INFO:root:200
INFO:root:83
INFO:root:200
INFO:root:84
INFO:root:200
INFO:root:85
INFO:root:200
INFO:root:86
INFO:root:200
INFO:root:87
INFO:root:200
INFO:root:88
INFO:root:200
INFO:root:89
INFO:root:200
INFO:root:90
INFO:root:200
INFO:root:91
INFO:root:200
INFO:root:92
INFO:root:200
INFO:root:93
INFO:root:200
INFO:root:94
INFO:root:200
INFO:root:95
INFO:root:200
INFO:root:96
INFO:root:200
INFO:root:97
INFO:root:200
INFO:root:98
INFO:root:200
INFO:root:99
INFO:root:2022-07-28 18:22:22.981318-->Done
INFO:django.utils.autoreload:D:\Ascent\App\Maarg\vyuha\views.py changed, reloading.
INFO:django.utils.autoreload:D:\Ascent\App\Maarg\vyuha\views.py changed, reloading.
INFO:root:2022-07-28 18:33:27.870352
INFO:root:200
INFO:root:0
INFO:root:200
INFO:root:1
INFO:root:200
INFO:root:2
INFO:root:200
INFO:root:3
INFO:root:200
INFO:root:4
INFO:root:200
INFO:root:5
INFO:root:200
INFO:root:6
INFO:root:200
INFO:root:7
INFO:root:200
INFO:root:8
INFO:root:200
INFO:root:9
INFO:root:200
INFO:root:10
INFO:root:200
INFO:root:11
INFO:root:200
INFO:root:12
INFO:root:200
INFO:root:13
INFO:root:200
INFO:root:14
INFO:root:200
INFO:root:15
INFO:root:200
INFO:root:16
INFO:root:200
INFO:root:17
INFO:root:200
INFO:root:18
INFO:root:200
INFO:root:19
INFO:root:200
INFO:root:20
INFO:root:200
INFO:root:21
INFO:root:200
INFO:root:22
INFO:root:200
INFO:root:23
INFO:root:200
INFO:root:24
INFO:root:200
INFO:root:25
INFO:root:200
INFO:root:26
INFO:root:200
INFO:root:27
INFO:root:200
INFO:root:28
INFO:root:200
INFO:root:29
INFO:root:200
INFO:root:30
INFO:root:200
INFO:root:31
INFO:root:200
INFO:root:32
INFO:root:200
INFO:root:33
INFO:root:200
INFO:root:34
INFO:root:200
INFO:root:35
INFO:root:200
INFO:root:36
INFO:root:200
INFO:root:37
INFO:root:200
INFO:root:38
INFO:root:200
INFO:root:39
INFO:root:200
INFO:root:40
INFO:root:200
INFO:root:41
INFO:root:200
INFO:root:42
INFO:root:200
INFO:root:43
INFO:root:200
INFO:root:44
INFO:root:200
INFO:root:45
INFO:root:200
INFO:root:46
INFO:root:200
INFO:root:47
INFO:root:200
INFO:root:48
INFO:root:200
INFO:root:49
INFO:root:200
INFO:root:50
INFO:root:200
INFO:root:51
INFO:root:200
INFO:root:52
INFO:root:200
INFO:root:53
INFO:root:200
INFO:root:54
INFO:root:200
INFO:root:55
INFO:root:200
INFO:root:56
INFO:root:200
INFO:root:57
INFO:root:200
INFO:root:58
INFO:root:200
INFO:root:59
INFO:root:200
INFO:root:60
INFO:root:200
INFO:root:61
INFO:root:200
INFO:root:62
INFO:root:200
INFO:root:63
INFO:root:200
INFO:root:64
INFO:root:200
INFO:root:65
INFO:root:200
INFO:root:66
INFO:root:200
INFO:root:67
INFO:root:200
INFO:root:68
INFO:root:200
INFO:root:69
INFO:root:200
INFO:root:70
INFO:root:200
INFO:root:71
INFO:root:200
INFO:root:72
INFO:root:200
INFO:root:73
INFO:root:200
INFO:root:74
INFO:root:200
INFO:root:75
INFO:root:200
INFO:root:76
INFO:root:200
INFO:root:77
INFO:root:200
INFO:root:78
INFO:root:200
INFO:root:79
INFO:root:200
INFO:root:80
INFO:root:200
INFO:root:81
INFO:root:200
INFO:root:82
INFO:root:200
INFO:root:83
INFO:root:200
INFO:root:84
INFO:root:200
INFO:root:85
INFO:root:200
INFO:root:86
INFO:root:200
INFO:root:87
INFO:root:200
INFO:root:88
INFO:root:200
INFO:root:89
INFO:root:200
INFO:root:90
INFO:root:200
INFO:root:91
INFO:root:200
INFO:root:92
INFO:root:200
INFO:root:93
INFO:root:200
INFO:root:94
INFO:root:200
INFO:root:95
INFO:root:200
INFO:root:96
INFO:root:200
INFO:root:97
INFO:root:200
INFO:root:98
INFO:root:200
INFO:root:99
INFO:root:2022-07-28 18:33:29.572881-->Done
WARNING:django.request:Not Found: /vyuha/distance_matrix/output_files/Guwahati_distance_matrix.csv
WARNING:django.request:Not Found: /vyuha/output_files/Guwahati_distance_matrix.csv
WARNING:django.request:Not Found: /favicon.ico
WARNING:django.request:Not Found: /vyuha/distance_matrix/output_files/Guwahati_distance_matrix.csv
INFO:django.utils.autoreload:D:\Ascent\App\Maarg\vyuha\urls.py changed, reloading.
INFO:django.utils.autoreload:D:\Ascent\App\Maarg\vyuha\views.py changed, reloading.
INFO:django.utils.autoreload:D:\Ascent\App\Maarg\vyuha\views.py changed, reloading.
WARNING:django.request:Not Found: /vyuha/download_distance_matrix_files/Guwahati_distance_matrix.csv
INFO:django.utils.autoreload:D:\Ascent\App\Maarg\vyuha\views.py changed, reloading.
INFO:django.utils.autoreload:D:\Ascent\App\Maarg\vyuha\views.py changed, reloading.
INFO:django.utils.autoreload:D:\Ascent\App\Maarg\vyuha\views.py changed, reloading.
INFO:django.utils.autoreload:D:\Ascent\App\Maarg\vyuha\views.py changed, reloading.
ERROR:django.request:Internal Server Error: /vyuha/download_distance_matrix_files
Traceback (most recent call last):
  File "D:\Ascent\App\blender_env\lib\site-packages\django\core\handlers\exception.py", line 55, in inner
    response = get_response(request)
  File "D:\Ascent\App\blender_env\lib\site-packages\django\utils\deprecation.py", line 136, in __call__
    response = self.process_response(request, response)
  File "D:\Ascent\App\blender_env\lib\site-packages\django\middleware\clickjacking.py", line 27, in process_response
    if response.get("X-Frame-Options") is not None:
AttributeError: 'bool' object has no attribute 'get'
INFO:django.utils.autoreload:D:\Ascent\App\Maarg\vyuha\views.py changed, reloading.
INFO:django.utils.autoreload:D:\Ascent\App\Maarg\vyuha\views.py changed, reloading.
